[2019/12/23 20:40:28.600] - Starting server (version 2.1.2) with initial configuration: {"gasLimit":6721975,"gasPrice":20000000000,"hardfork":"petersburg","hostname":"127.0.0.1","port":7545,"network_id":5777,"default_balance_ether":100,"total_accounts":10,"unlocked_accounts":[],"locked":false,"vmErrorsOnRPCResponse":true,"verbose":true,"db_path":"/Users/rogueguy/Library/Application Support/Ganache/workspaces/Truffle-project/chaindata","logDirectory":"/Users/rogueguy/Documents/Ethereumprivatenetwork/Ganace/logs"}
[2019/12/23 20:40:28.708] - eth_subscribe
[2019/12/23 20:40:28.708] -    > {
   >   "jsonrpc": "2.0",
   >   "id": 11,
   >   "method": "eth_subscribe",
   >   "params": [
   >     "newHeads"
   >   ]
   > }
[2019/12/23 20:40:28.710] - eth_getLogs
[2019/12/23 20:40:28.712] -    > {
   >   "jsonrpc": "2.0",
   >   "id": 12,
   >   "method": "eth_getLogs",
   >   "params": [
   >     {
   >       "topics": []
   >     }
   >   ]
   > }
[2019/12/23 20:40:28.713] - eth_subscribe
[2019/12/23 20:40:28.713] -    > {
   >   "jsonrpc": "2.0",
   >   "id": 13,
   >   "method": "eth_subscribe",
   >   "params": [
   >     "logs",
   >     {
   >       "topics": []
   >     }
   >   ]
   > }
[2019/12/23 20:40:28.714] -  <   {
 <     "id": 11,
 <     "jsonrpc": "2.0",
 <     "result": "0x1"
 <   }
[2019/12/23 20:40:28.718] -  <   {
 <     "id": 12,
 <     "jsonrpc": "2.0",
 <     "result": []
 <   }
[2019/12/23 20:40:28.720] -  <   {
 <     "id": 13,
 <     "jsonrpc": "2.0",
 <     "result": "0x2"
 <   }
[2019/12/23 20:40:28.791] - eth_blockNumber
[2019/12/23 20:40:28.792] -    > {
   >   "jsonrpc": "2.0",
   >   "id": 98,
   >   "method": "eth_blockNumber",
   >   "params": [],
   >   "internal": true
   > }
[2019/12/23 20:40:28.793] - eth_accounts
[2019/12/23 20:40:28.794] -    > {
   >   "jsonrpc": "2.0",
   >   "id": 99,
   >   "method": "eth_accounts",
   >   "params": [],
   >   "internal": true
   > }
[2019/12/23 20:40:28.795] - eth_gasPrice
[2019/12/23 20:40:28.795] -    > {
   >   "jsonrpc": "2.0",
   >   "id": 100,
   >   "method": "eth_gasPrice",
   >   "params": [],
   >   "internal": true
   > }
[2019/12/23 20:40:28.797] -  <   {
 <     "id": 98,
 <     "jsonrpc": "2.0",
 <     "result": "0x0"
 <   }
[2019/12/23 20:40:28.798] - eth_getBlockByNumber
[2019/12/23 20:40:28.799] -    > {
   >   "jsonrpc": "2.0",
   >   "id": 101,
   >   "method": "eth_getBlockByNumber",
   >   "params": [
   >     "latest",
   >     false
   >   ],
   >   "internal": true
   > }
[2019/12/23 20:40:28.799] -  <   {
 <     "id": 99,
 <     "jsonrpc": "2.0",
 <     "result": [
 <       "0x92b59bb0f7ca25221fbaa6d33abf7cd641c7484c",
 <       "0xaa5c59283b2c87e9252308c54c1c59232cbbbfbe",
 <       "0x611a0b14f515619088b369391a405351bf1bfa8c",
 <       "0xf0785bf660cf492c1b994ec5d8b2d7329e400a28",
 <       "0x2389ca84f4e3c109febe95c276463c149e19fdb7",
 <       "0xd63ef773a9718c237cdd5a9211b1123387c01bca",
 <       "0x471150f00676307635fa4473102e8a7320c7fa44",
 <       "0x502f247a6aa3e621936833dcbdcaaf715af3c19d",
 <       "0x74c692d5bc5270613b98b76ddc2b57328dd9a66e",
 <       "0x1733955a125f2964cd427c00fb13c692622f038d"
 <     ]
 <   }
[2019/12/23 20:40:28.801] - eth_subscribe
[2019/12/23 20:40:28.802] -    > {
   >   "jsonrpc": "2.0",
   >   "id": 102,
   >   "method": "eth_subscribe",
   >   "params": [
   >     "newHeads"
   >   ],
   >   "internal": true
   > }
[2019/12/23 20:40:28.803] -  <   {
 <     "id": 100,
 <     "jsonrpc": "2.0",
 <     "result": "0x4a817c800"
 <   }
[2019/12/23 20:40:28.808] -  <   {
 <     "id": 101,
 <     "jsonrpc": "2.0",
 <     "result": {
 <       "number": "0x0",
 <       "hash": "0xf728a6a2829070424e5f10a9341e6f26e9ce0526942acf0a4da869f86344a21b",
 <       "parentHash": "0x0000000000000000000000000000000000000000000000000000000000000000",
 <       "mixHash": "0x0000000000000000000000000000000000000000000000000000000000000000",
 <       "nonce": "0x0000000000000000",
 <       "sha3Uncles": "0x1dcc4de8dec75d7aab85b567b6ccd41ad312451b948a7413f0a142fd40d49347",
 <       "logsBloom": "0x00000000000000000000000000000000000000000000000000000000000000000000000000000000000000000000000000000000000000000000000000000000000000000000000000000000000000000000000000000000000000000000000000000000000000000000000000000000000000000000000000000000000000000000000000000000000000000000000000000000000000000000000000000000000000000000000000000000000000000000000000000000000000000000000000000000000000000000000000000000000000000000000000000000000000000000000000000000000000000000000000000000000000000000000000000000",
 <       "transactionsRoot": "0x56e81f171bcc55a6ff8345e692c0f86e5b48e01b996cadc001622fb5e363b421",
 <       "stateRoot": "0x2d18db7d6cdb2d477cd8ecdf2311c8b4c356939ae134534424c7de61a4a2cdb4",
 <       "receiptsRoot": "0x56e81f171bcc55a6ff8345e692c0f86e5b48e01b996cadc001622fb5e363b421",
 <       "miner": "0x0000000000000000000000000000000000000000",
 <       "difficulty": "0x0",
 <       "totalDifficulty": "0x0",
 <       "extraData": "0x",
 <       "size": "0x3e8",
 <       "gasLimit": "0x6691b7",
 <       "gasUsed": "0x0",
 <       "timestamp": "0x5e00d8ac",
 <       "transactions": [],
 <       "uncles": []
 <     }
 <   }
[2019/12/23 20:40:28.811] -  <   {
 <     "id": 102,
 <     "jsonrpc": "2.0",
 <     "result": "0x3"
 <   }
[2019/12/23 20:40:28.827] - eth_accounts
[2019/12/23 20:40:28.828] -    > {
   >   "jsonrpc": "2.0",
   >   "id": 103,
   >   "method": "eth_accounts",
   >   "params": [],
   >   "internal": true
   > }
[2019/12/23 20:40:28.830] -  <   {
 <     "id": 103,
 <     "jsonrpc": "2.0",
 <     "result": [
 <       "0x92b59bb0f7ca25221fbaa6d33abf7cd641c7484c",
 <       "0xaa5c59283b2c87e9252308c54c1c59232cbbbfbe",
 <       "0x611a0b14f515619088b369391a405351bf1bfa8c",
 <       "0xf0785bf660cf492c1b994ec5d8b2d7329e400a28",
 <       "0x2389ca84f4e3c109febe95c276463c149e19fdb7",
 <       "0xd63ef773a9718c237cdd5a9211b1123387c01bca",
 <       "0x471150f00676307635fa4473102e8a7320c7fa44",
 <       "0x502f247a6aa3e621936833dcbdcaaf715af3c19d",
 <       "0x74c692d5bc5270613b98b76ddc2b57328dd9a66e",
 <       "0x1733955a125f2964cd427c00fb13c692622f038d"
 <     ]
 <   }
[2019/12/23 20:40:28.854] - eth_getBalance
[2019/12/23 20:40:28.855] -    > {
   >   "jsonrpc": "2.0",
   >   "id": 104,
   >   "method": "eth_getBalance",
   >   "params": [
   >     "0x92b59bb0f7ca25221fbaa6d33abf7cd641c7484c",
   >     "latest"
   >   ],
   >   "internal": true
   > }
[2019/12/23 20:40:28.858] -  <   {
 <     "id": 104,
 <     "jsonrpc": "2.0",
 <     "result": "0x0"
 <   }
[2019/12/23 20:40:28.861] - eth_getTransactionCount
[2019/12/23 20:40:28.861] -    > {
   >   "jsonrpc": "2.0",
   >   "id": 105,
   >   "method": "eth_getTransactionCount",
   >   "params": [
   >     "0x92b59bb0f7ca25221fbaa6d33abf7cd641c7484c",
   >     "latest"
   >   ],
   >   "internal": true
   > }
[2019/12/23 20:40:28.865] -  <   {
 <     "id": 105,
 <     "jsonrpc": "2.0",
 <     "result": "0x0"
 <   }
[2019/12/23 20:40:28.867] - eth_getBalance
[2019/12/23 20:40:28.867] -    > {
   >   "jsonrpc": "2.0",
   >   "id": 106,
   >   "method": "eth_getBalance",
   >   "params": [
   >     "0xaa5c59283b2c87e9252308c54c1c59232cbbbfbe",
   >     "latest"
   >   ],
   >   "internal": true
   > }
[2019/12/23 20:40:28.870] -  <   {
 <     "id": 106,
 <     "jsonrpc": "2.0",
 <     "result": "0x0"
 <   }
[2019/12/23 20:40:28.871] - eth_getTransactionCount
[2019/12/23 20:40:28.872] -    > {
   >   "jsonrpc": "2.0",
   >   "id": 107,
   >   "method": "eth_getTransactionCount",
   >   "params": [
   >     "0xaa5c59283b2c87e9252308c54c1c59232cbbbfbe",
   >     "latest"
   >   ],
   >   "internal": true
   > }
[2019/12/23 20:40:28.875] -  <   {
 <     "id": 107,
 <     "jsonrpc": "2.0",
 <     "result": "0x0"
 <   }
[2019/12/23 20:40:28.877] - eth_getBalance
[2019/12/23 20:40:28.878] -    > {
   >   "jsonrpc": "2.0",
   >   "id": 108,
   >   "method": "eth_getBalance",
   >   "params": [
   >     "0x611a0b14f515619088b369391a405351bf1bfa8c",
   >     "latest"
   >   ],
   >   "internal": true
   > }
[2019/12/23 20:40:28.882] -  <   {
 <     "id": 108,
 <     "jsonrpc": "2.0",
 <     "result": "0x0"
 <   }
[2019/12/23 20:40:28.884] - eth_getTransactionCount
[2019/12/23 20:40:28.885] -    > {
   >   "jsonrpc": "2.0",
   >   "id": 109,
   >   "method": "eth_getTransactionCount",
   >   "params": [
   >     "0x611a0b14f515619088b369391a405351bf1bfa8c",
   >     "latest"
   >   ],
   >   "internal": true
   > }
[2019/12/23 20:40:28.888] -  <   {
 <     "id": 109,
 <     "jsonrpc": "2.0",
 <     "result": "0x0"
 <   }
[2019/12/23 20:40:28.890] - eth_getBalance
[2019/12/23 20:40:28.891] -    > {
   >   "jsonrpc": "2.0",
   >   "id": 110,
   >   "method": "eth_getBalance",
   >   "params": [
   >     "0xf0785bf660cf492c1b994ec5d8b2d7329e400a28",
   >     "latest"
   >   ],
   >   "internal": true
   > }
[2019/12/23 20:40:28.894] -  <   {
 <     "id": 110,
 <     "jsonrpc": "2.0",
 <     "result": "0x0"
 <   }
[2019/12/23 20:40:28.895] - eth_getTransactionCount
[2019/12/23 20:40:28.896] -    > {
   >   "jsonrpc": "2.0",
   >   "id": 111,
   >   "method": "eth_getTransactionCount",
   >   "params": [
   >     "0xf0785bf660cf492c1b994ec5d8b2d7329e400a28",
   >     "latest"
   >   ],
   >   "internal": true
   > }
[2019/12/23 20:40:28.899] -  <   {
 <     "id": 111,
 <     "jsonrpc": "2.0",
 <     "result": "0x0"
 <   }
[2019/12/23 20:40:28.902] - eth_getBalance
[2019/12/23 20:40:28.903] -    > {
   >   "jsonrpc": "2.0",
   >   "id": 112,
   >   "method": "eth_getBalance",
   >   "params": [
   >     "0x2389ca84f4e3c109febe95c276463c149e19fdb7",
   >     "latest"
   >   ],
   >   "internal": true
   > }
[2019/12/23 20:40:28.906] -  <   {
 <     "id": 112,
 <     "jsonrpc": "2.0",
 <     "result": "0x0"
 <   }
[2019/12/23 20:40:28.906] - eth_getTransactionCount
[2019/12/23 20:40:28.907] -    > {
   >   "jsonrpc": "2.0",
   >   "id": 113,
   >   "method": "eth_getTransactionCount",
   >   "params": [
   >     "0x2389ca84f4e3c109febe95c276463c149e19fdb7",
   >     "latest"
   >   ],
   >   "internal": true
   > }
[2019/12/23 20:40:28.910] -  <   {
 <     "id": 113,
 <     "jsonrpc": "2.0",
 <     "result": "0x0"
 <   }
[2019/12/23 20:40:28.910] - eth_getBalance
[2019/12/23 20:40:28.911] -    > {
   >   "jsonrpc": "2.0",
   >   "id": 114,
   >   "method": "eth_getBalance",
   >   "params": [
   >     "0xd63ef773a9718c237cdd5a9211b1123387c01bca",
   >     "latest"
   >   ],
   >   "internal": true
   > }
[2019/12/23 20:40:28.915] -  <   {
 <     "id": 114,
 <     "jsonrpc": "2.0",
 <     "result": "0x0"
 <   }
[2019/12/23 20:40:28.918] - eth_getTransactionCount
[2019/12/23 20:40:28.918] -    > {
   >   "jsonrpc": "2.0",
   >   "id": 115,
   >   "method": "eth_getTransactionCount",
   >   "params": [
   >     "0xd63ef773a9718c237cdd5a9211b1123387c01bca",
   >     "latest"
   >   ],
   >   "internal": true
   > }
[2019/12/23 20:40:28.922] -  <   {
 <     "id": 115,
 <     "jsonrpc": "2.0",
 <     "result": "0x0"
 <   }
[2019/12/23 20:40:28.922] - eth_getBalance
[2019/12/23 20:40:28.923] -    > {
   >   "jsonrpc": "2.0",
   >   "id": 116,
   >   "method": "eth_getBalance",
   >   "params": [
   >     "0x471150f00676307635fa4473102e8a7320c7fa44",
   >     "latest"
   >   ],
   >   "internal": true
   > }
[2019/12/23 20:40:28.926] -  <   {
 <     "id": 116,
 <     "jsonrpc": "2.0",
 <     "result": "0x0"
 <   }
[2019/12/23 20:40:28.926] - eth_getTransactionCount
[2019/12/23 20:40:28.927] -    > {
   >   "jsonrpc": "2.0",
   >   "id": 117,
   >   "method": "eth_getTransactionCount",
   >   "params": [
   >     "0x471150f00676307635fa4473102e8a7320c7fa44",
   >     "latest"
   >   ],
   >   "internal": true
   > }
[2019/12/23 20:40:28.930] -  <   {
 <     "id": 117,
 <     "jsonrpc": "2.0",
 <     "result": "0x0"
 <   }
[2019/12/23 20:40:28.932] - eth_getBalance
[2019/12/23 20:40:28.933] -    > {
   >   "jsonrpc": "2.0",
   >   "id": 118,
   >   "method": "eth_getBalance",
   >   "params": [
   >     "0x502f247a6aa3e621936833dcbdcaaf715af3c19d",
   >     "latest"
   >   ],
   >   "internal": true
   > }
[2019/12/23 20:40:28.936] -  <   {
 <     "id": 118,
 <     "jsonrpc": "2.0",
 <     "result": "0x0"
 <   }
[2019/12/23 20:40:28.938] - eth_getTransactionCount
[2019/12/23 20:40:28.939] -    > {
   >   "jsonrpc": "2.0",
   >   "id": 119,
   >   "method": "eth_getTransactionCount",
   >   "params": [
   >     "0x502f247a6aa3e621936833dcbdcaaf715af3c19d",
   >     "latest"
   >   ],
   >   "internal": true
   > }
[2019/12/23 20:40:28.942] -  <   {
 <     "id": 119,
 <     "jsonrpc": "2.0",
 <     "result": "0x0"
 <   }
[2019/12/23 20:40:28.944] - eth_getBalance
[2019/12/23 20:40:28.945] -    > {
   >   "jsonrpc": "2.0",
   >   "id": 120,
   >   "method": "eth_getBalance",
   >   "params": [
   >     "0x74c692d5bc5270613b98b76ddc2b57328dd9a66e",
   >     "latest"
   >   ],
   >   "internal": true
   > }
[2019/12/23 20:40:28.948] -  <   {
 <     "id": 120,
 <     "jsonrpc": "2.0",
 <     "result": "0x0"
 <   }
[2019/12/23 20:40:28.951] - eth_getTransactionCount
[2019/12/23 20:40:28.952] -    > {
   >   "jsonrpc": "2.0",
   >   "id": 121,
   >   "method": "eth_getTransactionCount",
   >   "params": [
   >     "0x74c692d5bc5270613b98b76ddc2b57328dd9a66e",
   >     "latest"
   >   ],
   >   "internal": true
   > }
[2019/12/23 20:40:28.955] -  <   {
 <     "id": 121,
 <     "jsonrpc": "2.0",
 <     "result": "0x0"
 <   }
[2019/12/23 20:40:28.959] - eth_getBalance
[2019/12/23 20:40:28.959] -    > {
   >   "jsonrpc": "2.0",
   >   "id": 122,
   >   "method": "eth_getBalance",
   >   "params": [
   >     "0x1733955a125f2964cd427c00fb13c692622f038d",
   >     "latest"
   >   ],
   >   "internal": true
   > }
[2019/12/23 20:40:28.963] -  <   {
 <     "id": 122,
 <     "jsonrpc": "2.0",
 <     "result": "0x0"
 <   }
[2019/12/23 20:40:28.965] - eth_getTransactionCount
[2019/12/23 20:40:28.966] -    > {
   >   "jsonrpc": "2.0",
   >   "id": 123,
   >   "method": "eth_getTransactionCount",
   >   "params": [
   >     "0x1733955a125f2964cd427c00fb13c692622f038d",
   >     "latest"
   >   ],
   >   "internal": true
   > }
[2019/12/23 20:40:28.969] -  <   {
 <     "id": 123,
 <     "jsonrpc": "2.0",
 <     "result": "0x0"
 <   }
[2019/12/23 20:40:29.053] - eth_getBalance
[2019/12/23 20:40:29.053] -    > {
   >   "jsonrpc": "2.0",
   >   "id": 124,
   >   "method": "eth_getBalance",
   >   "params": [
   >     "0x92b59bb0f7ca25221fbaa6d33abf7cd641c7484c",
   >     "latest"
   >   ],
   >   "internal": true
   > }
[2019/12/23 20:40:29.056] -  <   {
 <     "id": 124,
 <     "jsonrpc": "2.0",
 <     "result": "0x0"
 <   }
[2019/12/23 20:40:29.057] - eth_getTransactionCount
[2019/12/23 20:40:29.058] -    > {
   >   "jsonrpc": "2.0",
   >   "id": 125,
   >   "method": "eth_getTransactionCount",
   >   "params": [
   >     "0x92b59bb0f7ca25221fbaa6d33abf7cd641c7484c",
   >     "latest"
   >   ],
   >   "internal": true
   > }
[2019/12/23 20:40:29.060] -  <   {
 <     "id": 125,
 <     "jsonrpc": "2.0",
 <     "result": "0x0"
 <   }
[2019/12/23 20:40:29.062] - eth_getBalance
[2019/12/23 20:40:29.062] -    > {
   >   "jsonrpc": "2.0",
   >   "id": 126,
   >   "method": "eth_getBalance",
   >   "params": [
   >     "0xaa5c59283b2c87e9252308c54c1c59232cbbbfbe",
   >     "latest"
   >   ],
   >   "internal": true
   > }
[2019/12/23 20:40:29.065] -  <   {
 <     "id": 126,
 <     "jsonrpc": "2.0",
 <     "result": "0x0"
 <   }
[2019/12/23 20:40:29.066] - eth_getTransactionCount
[2019/12/23 20:40:29.067] -    > {
   >   "jsonrpc": "2.0",
   >   "id": 127,
   >   "method": "eth_getTransactionCount",
   >   "params": [
   >     "0xaa5c59283b2c87e9252308c54c1c59232cbbbfbe",
   >     "latest"
   >   ],
   >   "internal": true
   > }
[2019/12/23 20:40:29.070] -  <   {
 <     "id": 127,
 <     "jsonrpc": "2.0",
 <     "result": "0x0"
 <   }
[2019/12/23 20:40:29.071] - eth_getBalance
[2019/12/23 20:40:29.071] -    > {
   >   "jsonrpc": "2.0",
   >   "id": 128,
   >   "method": "eth_getBalance",
   >   "params": [
   >     "0x611a0b14f515619088b369391a405351bf1bfa8c",
   >     "latest"
   >   ],
   >   "internal": true
   > }
[2019/12/23 20:40:29.074] -  <   {
 <     "id": 128,
 <     "jsonrpc": "2.0",
 <     "result": "0x0"
 <   }
[2019/12/23 20:40:29.075] - eth_getTransactionCount
[2019/12/23 20:40:29.075] -    > {
   >   "jsonrpc": "2.0",
   >   "id": 129,
   >   "method": "eth_getTransactionCount",
   >   "params": [
   >     "0x611a0b14f515619088b369391a405351bf1bfa8c",
   >     "latest"
   >   ],
   >   "internal": true
   > }
[2019/12/23 20:40:29.079] -  <   {
 <     "id": 129,
 <     "jsonrpc": "2.0",
 <     "result": "0x0"
 <   }
[2019/12/23 20:40:29.085] - eth_getBalance
[2019/12/23 20:40:29.085] -    > {
   >   "jsonrpc": "2.0",
   >   "id": 130,
   >   "method": "eth_getBalance",
   >   "params": [
   >     "0xf0785bf660cf492c1b994ec5d8b2d7329e400a28",
   >     "latest"
   >   ],
   >   "internal": true
   > }
[2019/12/23 20:40:29.090] -  <   {
 <     "id": 130,
 <     "jsonrpc": "2.0",
 <     "result": "0x0"
 <   }
[2019/12/23 20:40:29.090] - eth_getTransactionCount
[2019/12/23 20:40:29.091] -    > {
   >   "jsonrpc": "2.0",
   >   "id": 131,
   >   "method": "eth_getTransactionCount",
   >   "params": [
   >     "0xf0785bf660cf492c1b994ec5d8b2d7329e400a28",
   >     "latest"
   >   ],
   >   "internal": true
   > }
[2019/12/23 20:40:29.094] -  <   {
 <     "id": 131,
 <     "jsonrpc": "2.0",
 <     "result": "0x0"
 <   }
[2019/12/23 20:40:29.094] - eth_getBalance
[2019/12/23 20:40:29.095] -    > {
   >   "jsonrpc": "2.0",
   >   "id": 132,
   >   "method": "eth_getBalance",
   >   "params": [
   >     "0x2389ca84f4e3c109febe95c276463c149e19fdb7",
   >     "latest"
   >   ],
   >   "internal": true
   > }
[2019/12/23 20:40:29.098] -  <   {
 <     "id": 132,
 <     "jsonrpc": "2.0",
 <     "result": "0x0"
 <   }
[2019/12/23 20:40:29.098] - eth_getTransactionCount
[2019/12/23 20:40:29.099] -    > {
   >   "jsonrpc": "2.0",
   >   "id": 133,
   >   "method": "eth_getTransactionCount",
   >   "params": [
   >     "0x2389ca84f4e3c109febe95c276463c149e19fdb7",
   >     "latest"
   >   ],
   >   "internal": true
   > }
[2019/12/23 20:40:29.102] -  <   {
 <     "id": 133,
 <     "jsonrpc": "2.0",
 <     "result": "0x0"
 <   }
[2019/12/23 20:40:29.103] - eth_getBalance
[2019/12/23 20:40:29.103] -    > {
   >   "jsonrpc": "2.0",
   >   "id": 134,
   >   "method": "eth_getBalance",
   >   "params": [
   >     "0xd63ef773a9718c237cdd5a9211b1123387c01bca",
   >     "latest"
   >   ],
   >   "internal": true
   > }
[2019/12/23 20:40:29.106] -  <   {
 <     "id": 134,
 <     "jsonrpc": "2.0",
 <     "result": "0x0"
 <   }
[2019/12/23 20:40:29.107] - eth_getTransactionCount
[2019/12/23 20:40:29.107] -    > {
   >   "jsonrpc": "2.0",
   >   "id": 135,
   >   "method": "eth_getTransactionCount",
   >   "params": [
   >     "0xd63ef773a9718c237cdd5a9211b1123387c01bca",
   >     "latest"
   >   ],
   >   "internal": true
   > }
[2019/12/23 20:40:29.110] -  <   {
 <     "id": 135,
 <     "jsonrpc": "2.0",
 <     "result": "0x0"
 <   }
[2019/12/23 20:40:29.111] - eth_getBalance
[2019/12/23 20:40:29.111] -    > {
   >   "jsonrpc": "2.0",
   >   "id": 136,
   >   "method": "eth_getBalance",
   >   "params": [
   >     "0x471150f00676307635fa4473102e8a7320c7fa44",
   >     "latest"
   >   ],
   >   "internal": true
   > }
[2019/12/23 20:40:29.114] -  <   {
 <     "id": 136,
 <     "jsonrpc": "2.0",
 <     "result": "0x0"
 <   }
[2019/12/23 20:40:29.119] - eth_getTransactionCount
[2019/12/23 20:40:29.120] -    > {
   >   "jsonrpc": "2.0",
   >   "id": 137,
   >   "method": "eth_getTransactionCount",
   >   "params": [
   >     "0x471150f00676307635fa4473102e8a7320c7fa44",
   >     "latest"
   >   ],
   >   "internal": true
   > }
[2019/12/23 20:40:29.123] -  <   {
 <     "id": 137,
 <     "jsonrpc": "2.0",
 <     "result": "0x0"
 <   }
[2019/12/23 20:40:29.123] - eth_getBalance
[2019/12/23 20:40:29.124] -    > {
   >   "jsonrpc": "2.0",
   >   "id": 138,
   >   "method": "eth_getBalance",
   >   "params": [
   >     "0x502f247a6aa3e621936833dcbdcaaf715af3c19d",
   >     "latest"
   >   ],
   >   "internal": true
   > }
[2019/12/23 20:40:29.127] -  <   {
 <     "id": 138,
 <     "jsonrpc": "2.0",
 <     "result": "0x0"
 <   }
[2019/12/23 20:40:29.128] - eth_getTransactionCount
[2019/12/23 20:40:29.128] -    > {
   >   "jsonrpc": "2.0",
   >   "id": 139,
   >   "method": "eth_getTransactionCount",
   >   "params": [
   >     "0x502f247a6aa3e621936833dcbdcaaf715af3c19d",
   >     "latest"
   >   ],
   >   "internal": true
   > }
[2019/12/23 20:40:29.132] -  <   {
 <     "id": 139,
 <     "jsonrpc": "2.0",
 <     "result": "0x0"
 <   }
[2019/12/23 20:40:29.132] - eth_getBalance
[2019/12/23 20:40:29.133] -    > {
   >   "jsonrpc": "2.0",
   >   "id": 140,
   >   "method": "eth_getBalance",
   >   "params": [
   >     "0x74c692d5bc5270613b98b76ddc2b57328dd9a66e",
   >     "latest"
   >   ],
   >   "internal": true
   > }
[2019/12/23 20:40:29.137] -  <   {
 <     "id": 140,
 <     "jsonrpc": "2.0",
 <     "result": "0x0"
 <   }
[2019/12/23 20:40:29.138] - eth_getTransactionCount
[2019/12/23 20:40:29.139] -    > {
   >   "jsonrpc": "2.0",
   >   "id": 141,
   >   "method": "eth_getTransactionCount",
   >   "params": [
   >     "0x74c692d5bc5270613b98b76ddc2b57328dd9a66e",
   >     "latest"
   >   ],
   >   "internal": true
   > }
[2019/12/23 20:40:29.141] -  <   {
 <     "id": 141,
 <     "jsonrpc": "2.0",
 <     "result": "0x0"
 <   }
[2019/12/23 20:40:29.142] - eth_getBalance
[2019/12/23 20:40:29.142] -    > {
   >   "jsonrpc": "2.0",
   >   "id": 142,
   >   "method": "eth_getBalance",
   >   "params": [
   >     "0x1733955a125f2964cd427c00fb13c692622f038d",
   >     "latest"
   >   ],
   >   "internal": true
   > }
[2019/12/23 20:40:29.145] -  <   {
 <     "id": 142,
 <     "jsonrpc": "2.0",
 <     "result": "0x0"
 <   }
[2019/12/23 20:40:29.152] - eth_getTransactionCount
[2019/12/23 20:40:29.153] -    > {
   >   "jsonrpc": "2.0",
   >   "id": 143,
   >   "method": "eth_getTransactionCount",
   >   "params": [
   >     "0x1733955a125f2964cd427c00fb13c692622f038d",
   >     "latest"
   >   ],
   >   "internal": true
   > }
[2019/12/23 20:40:29.157] -  <   {
 <     "id": 143,
 <     "jsonrpc": "2.0",
 <     "result": "0x0"
 <   }
[2019/12/23 20:40:40.133] - eth_getBlockByNumber
[2019/12/23 20:40:40.134] -    > {
   >   "jsonrpc": "2.0",
   >   "id": 144,
   >   "method": "eth_getBlockByNumber",
   >   "params": [
   >     "0x0",
   >     false
   >   ],
   >   "internal": true
   > }
[2019/12/23 20:40:40.137] -  <   {
 <     "id": 144,
 <     "jsonrpc": "2.0",
 <     "result": {
 <       "number": "0x0",
 <       "hash": "0xf728a6a2829070424e5f10a9341e6f26e9ce0526942acf0a4da869f86344a21b",
 <       "parentHash": "0x0000000000000000000000000000000000000000000000000000000000000000",
 <       "mixHash": "0x0000000000000000000000000000000000000000000000000000000000000000",
 <       "nonce": "0x0000000000000000",
 <       "sha3Uncles": "0x1dcc4de8dec75d7aab85b567b6ccd41ad312451b948a7413f0a142fd40d49347",
 <       "logsBloom": "0x00000000000000000000000000000000000000000000000000000000000000000000000000000000000000000000000000000000000000000000000000000000000000000000000000000000000000000000000000000000000000000000000000000000000000000000000000000000000000000000000000000000000000000000000000000000000000000000000000000000000000000000000000000000000000000000000000000000000000000000000000000000000000000000000000000000000000000000000000000000000000000000000000000000000000000000000000000000000000000000000000000000000000000000000000000000",
 <       "transactionsRoot": "0x56e81f171bcc55a6ff8345e692c0f86e5b48e01b996cadc001622fb5e363b421",
 <       "stateRoot": "0x2d18db7d6cdb2d477cd8ecdf2311c8b4c356939ae134534424c7de61a4a2cdb4",
 <       "receiptsRoot": "0x56e81f171bcc55a6ff8345e692c0f86e5b48e01b996cadc001622fb5e363b421",
 <       "miner": "0x0000000000000000000000000000000000000000",
 <       "difficulty": "0x0",
 <       "totalDifficulty": "0x0",
 <       "extraData": "0x",
 <       "size": "0x3e8",
 <       "gasLimit": "0x6691b7",
 <       "gasUsed": "0x0",
 <       "timestamp": "0x5e00d8ac",
 <       "transactions": [],
 <       "uncles": []
 <     }
 <   }
[2019/12/23 20:40:40.168] - eth_getLogs
[2019/12/23 20:40:40.168] -    > {
   >   "jsonrpc": "2.0",
   >   "id": 145,
   >   "method": "eth_getLogs",
   >   "params": [
   >     {
   >       "fromBlock": 0,
   >       "toBlock": 0,
   >       "topics": []
   >     }
   >   ],
   >   "internal": true
   > }
[2019/12/23 20:40:40.171] -  <   {
 <     "id": 145,
 <     "jsonrpc": "2.0",
 <     "result": []
 <   }
[2019/12/23 20:41:19.942] - eth_unsubscribe
[2019/12/23 20:41:19.944] -    > {
   >   "jsonrpc": "2.0",
   >   "id": 14,
   >   "method": "eth_unsubscribe",
   >   "params": [
   >     "0x1"
   >   ]
   > }
[2019/12/23 20:41:19.946] - eth_unsubscribe
[2019/12/23 20:41:19.947] -    > {
   >   "jsonrpc": "2.0",
   >   "id": 15,
   >   "method": "eth_unsubscribe",
   >   "params": [
   >     "0x2"
   >   ]
   > }
[2019/12/23 20:41:19.948] -  <   {
 <     "id": 14,
 <     "jsonrpc": "2.0",
 <     "result": true
 <   }
[2019/12/23 20:41:19.951] -  <   {
 <     "id": 15,
 <     "jsonrpc": "2.0",
 <     "result": true
 <   }
[2019/12/23 20:41:19.967] -    > {
   >   "jsonrpc": "2.0",
   >   "method": "eth_unsubscribe",
   >   "params": [
   >     "0x3"
   >   ],
   >   "id": 1577113879966
   > }
[2019/12/23 20:41:19.968] -  <   {
 <     "id": 1577113879966,
 <     "jsonrpc": "2.0",
 <     "result": true
 <   }
